<?xml version="1.0" encoding="UTF-8"?>
<!DOCTYPE coverage SYSTEM "https://raw.githubusercontent.com/cobertura/cobertura/master/cobertura/src/site/htdocs/xml/coverage-04.dtd">
<coverage line-rate="0.980392156862745" branch-rate="0" lines-covered="100" lines-valid="102" branches-covered="0" branches-valid="0" complexity="0" version="3.6.4" timestamp="2025-12-04 17:13:37.301222">
  <sources>
    <source>/home/shawa11/projects/warprrr</source>
  </sources>
  <packages>
    <package name="warprrr" line-rate="0.980392156862745" branch-rate="0" complexity="0">
      <classes>
        <class name="read_data.R" filename="R/read_data.R" line-rate="1" branch-rate="0" complexity="0">
          <methods>
            <method name="read_data" signature="" line-rate="1" branch-rate="0" complexity="0">
              <lines>
                <line number="23" hits="7" branch="false"/>
                <line number="24" hits="7" branch="false"/>
                <line number="25" hits="7" branch="false"/>
                <line number="26" hits="7" branch="false"/>
                <line number="27" hits="7" branch="false"/>
                <line number="28" hits="7" branch="false"/>
                <line number="29" hits="6" branch="false"/>
                <line number="30" hits="6" branch="false"/>
                <line number="31" hits="6" branch="false"/>
                <line number="32" hits="6" branch="false"/>
                <line number="33" hits="6" branch="false"/>
              </lines>
            </method>
          </methods>
          <lines>
            <line number="23" hits="7" branch="false"/>
            <line number="24" hits="7" branch="false"/>
            <line number="25" hits="7" branch="false"/>
            <line number="26" hits="7" branch="false"/>
            <line number="27" hits="7" branch="false"/>
            <line number="28" hits="7" branch="false"/>
            <line number="29" hits="6" branch="false"/>
            <line number="30" hits="6" branch="false"/>
            <line number="31" hits="6" branch="false"/>
            <line number="32" hits="6" branch="false"/>
            <line number="33" hits="6" branch="false"/>
          </lines>
        </class>
        <class name="utils.R" filename="R/utils.R" line-rate="1" branch-rate="0" complexity="0">
          <methods>
            <method name="pkg_path" signature="" line-rate="1" branch-rate="0" complexity="0">
              <lines>
                <line number="19" hits="5" branch="false"/>
                <line number="20" hits="5" branch="false"/>
                <line number="21" hits="5" branch="false"/>
                <line number="22" hits="5" branch="false"/>
                <line number="23" hits="5" branch="false"/>
              </lines>
            </method>
            <method name="load_config" signature="" line-rate="1" branch-rate="0" complexity="0">
              <lines>
                <line number="27" hits="3" branch="false"/>
                <line number="28" hits="3" branch="false"/>
                <line number="29" hits="3" branch="false"/>
                <line number="31" hits="3" branch="false"/>
                <line number="32" hits="2" branch="false"/>
                <line number="34" hits="1" branch="false"/>
                <line number="35" hits="1" branch="false"/>
              </lines>
            </method>
            <method name="get_print_constants" signature="" line-rate="1" branch-rate="0" complexity="0">
              <lines>
                <line number="42" hits="2" branch="false"/>
              </lines>
            </method>
            <method name="dv_log_preffix" signature="" line-rate="1" branch-rate="0" complexity="0">
              <lines>
                <line number="52" hits="9" branch="false"/>
                <line number="53" hits="9" branch="false"/>
                <line number="54" hits="9" branch="false"/>
                <line number="55" hits="9" branch="false"/>
                <line number="56" hits="9" branch="false"/>
              </lines>
            </method>
            <method name="log_start" signature="" line-rate="1" branch-rate="0" complexity="0">
              <lines>
                <line number="68" hits="1" branch="false"/>
                <line number="69" hits="1" branch="false"/>
                <line number="70" hits="1" branch="false"/>
                <line number="71" hits="1" branch="false"/>
                <line number="72" hits="1" branch="false"/>
                <line number="73" hits="1" branch="false"/>
                <line number="74" hits="1" branch="false"/>
                <line number="75" hits="1" branch="false"/>
                <line number="76" hits="1" branch="false"/>
                <line number="77" hits="1" branch="false"/>
              </lines>
            </method>
            <method name="log_end" signature="" line-rate="1" branch-rate="0" complexity="0">
              <lines>
                <line number="88" hits="1" branch="false"/>
                <line number="89" hits="1" branch="false"/>
                <line number="90" hits="1" branch="false"/>
                <line number="91" hits="1" branch="false"/>
                <line number="92" hits="1" branch="false"/>
                <line number="93" hits="1" branch="false"/>
                <line number="94" hits="1" branch="false"/>
                <line number="95" hits="1" branch="false"/>
                <line number="96" hits="1" branch="false"/>
                <line number="97" hits="1" branch="false"/>
              </lines>
            </method>
            <method name="inform_glue" signature="" line-rate="1" branch-rate="0" complexity="0">
              <lines>
                <line number="105" hits="2" branch="false"/>
                <line number="106" hits="2" branch="false"/>
                <line number="107" hits="2" branch="false"/>
                <line number="108" hits="2" branch="false"/>
                <line number="109" hits="2" branch="false"/>
                <line number="110" hits="2" branch="false"/>
                <line number="111" hits="2" branch="false"/>
                <line number="112" hits="2" branch="false"/>
                <line number="113" hits="2" branch="false"/>
                <line number="114" hits="2" branch="false"/>
              </lines>
            </method>
            <method name="success_glue" signature="" line-rate="1" branch-rate="0" complexity="0">
              <lines>
                <line number="122" hits="1" branch="false"/>
                <line number="123" hits="1" branch="false"/>
                <line number="124" hits="1" branch="false"/>
                <line number="125" hits="1" branch="false"/>
                <line number="126" hits="1" branch="false"/>
                <line number="127" hits="1" branch="false"/>
                <line number="128" hits="1" branch="false"/>
                <line number="129" hits="1" branch="false"/>
                <line number="130" hits="1" branch="false"/>
                <line number="131" hits="1" branch="false"/>
              </lines>
            </method>
            <method name="error_glue" signature="" line-rate="1" branch-rate="0" complexity="0">
              <lines>
                <line number="139" hits="3" branch="false"/>
                <line number="140" hits="3" branch="false"/>
                <line number="141" hits="3" branch="false"/>
                <line number="142" hits="3" branch="false"/>
                <line number="143" hits="3" branch="false"/>
                <line number="144" hits="3" branch="false"/>
                <line number="145" hits="3" branch="false"/>
                <line number="146" hits="3" branch="false"/>
                <line number="147" hits="3" branch="false"/>
                <line number="148" hits="3" branch="false"/>
              </lines>
            </method>
            <method name="warning_glue" signature="" line-rate="1" branch-rate="0" complexity="0">
              <lines>
                <line number="156" hits="1" branch="false"/>
                <line number="157" hits="1" branch="false"/>
                <line number="158" hits="1" branch="false"/>
                <line number="159" hits="1" branch="false"/>
                <line number="160" hits="1" branch="false"/>
                <line number="161" hits="1" branch="false"/>
                <line number="162" hits="1" branch="false"/>
                <line number="163" hits="1" branch="false"/>
                <line number="164" hits="1" branch="false"/>
              </lines>
            </method>
            <method name="system_glue" signature="" line-rate="1" branch-rate="0" complexity="0">
              <lines>
                <line number="168" hits="1" branch="false"/>
                <line number="169" hits="1" branch="false"/>
                <line number="170" hits="1" branch="false"/>
              </lines>
            </method>
          </methods>
          <lines>
            <line number="19" hits="5" branch="false"/>
            <line number="20" hits="5" branch="false"/>
            <line number="21" hits="5" branch="false"/>
            <line number="22" hits="5" branch="false"/>
            <line number="23" hits="5" branch="false"/>
            <line number="27" hits="3" branch="false"/>
            <line number="28" hits="3" branch="false"/>
            <line number="29" hits="3" branch="false"/>
            <line number="31" hits="3" branch="false"/>
            <line number="32" hits="2" branch="false"/>
            <line number="34" hits="1" branch="false"/>
            <line number="35" hits="1" branch="false"/>
            <line number="42" hits="2" branch="false"/>
            <line number="52" hits="9" branch="false"/>
            <line number="53" hits="9" branch="false"/>
            <line number="54" hits="9" branch="false"/>
            <line number="55" hits="9" branch="false"/>
            <line number="56" hits="9" branch="false"/>
            <line number="68" hits="1" branch="false"/>
            <line number="69" hits="1" branch="false"/>
            <line number="70" hits="1" branch="false"/>
            <line number="71" hits="1" branch="false"/>
            <line number="72" hits="1" branch="false"/>
            <line number="73" hits="1" branch="false"/>
            <line number="74" hits="1" branch="false"/>
            <line number="75" hits="1" branch="false"/>
            <line number="76" hits="1" branch="false"/>
            <line number="77" hits="1" branch="false"/>
            <line number="88" hits="1" branch="false"/>
            <line number="89" hits="1" branch="false"/>
            <line number="90" hits="1" branch="false"/>
            <line number="91" hits="1" branch="false"/>
            <line number="92" hits="1" branch="false"/>
            <line number="93" hits="1" branch="false"/>
            <line number="94" hits="1" branch="false"/>
            <line number="95" hits="1" branch="false"/>
            <line number="96" hits="1" branch="false"/>
            <line number="97" hits="1" branch="false"/>
            <line number="105" hits="2" branch="false"/>
            <line number="106" hits="2" branch="false"/>
            <line number="107" hits="2" branch="false"/>
            <line number="108" hits="2" branch="false"/>
            <line number="109" hits="2" branch="false"/>
            <line number="110" hits="2" branch="false"/>
            <line number="111" hits="2" branch="false"/>
            <line number="112" hits="2" branch="false"/>
            <line number="113" hits="2" branch="false"/>
            <line number="114" hits="2" branch="false"/>
            <line number="122" hits="1" branch="false"/>
            <line number="123" hits="1" branch="false"/>
            <line number="124" hits="1" branch="false"/>
            <line number="125" hits="1" branch="false"/>
            <line number="126" hits="1" branch="false"/>
            <line number="127" hits="1" branch="false"/>
            <line number="128" hits="1" branch="false"/>
            <line number="129" hits="1" branch="false"/>
            <line number="130" hits="1" branch="false"/>
            <line number="131" hits="1" branch="false"/>
            <line number="139" hits="3" branch="false"/>
            <line number="140" hits="3" branch="false"/>
            <line number="141" hits="3" branch="false"/>
            <line number="142" hits="3" branch="false"/>
            <line number="143" hits="3" branch="false"/>
            <line number="144" hits="3" branch="false"/>
            <line number="145" hits="3" branch="false"/>
            <line number="146" hits="3" branch="false"/>
            <line number="147" hits="3" branch="false"/>
            <line number="148" hits="3" branch="false"/>
            <line number="156" hits="1" branch="false"/>
            <line number="157" hits="1" branch="false"/>
            <line number="158" hits="1" branch="false"/>
            <line number="159" hits="1" branch="false"/>
            <line number="160" hits="1" branch="false"/>
            <line number="161" hits="1" branch="false"/>
            <line number="162" hits="1" branch="false"/>
            <line number="163" hits="1" branch="false"/>
            <line number="164" hits="1" branch="false"/>
            <line number="168" hits="1" branch="false"/>
            <line number="169" hits="1" branch="false"/>
            <line number="170" hits="1" branch="false"/>
          </lines>
        </class>
        <class name="Warprrr.R" filename="R/Warprrr.R" line-rate="0.857142857142857" branch-rate="0" complexity="0">
          <methods>
            <method name="time_taken_precise" signature="" line-rate="1" branch-rate="0" complexity="0">
              <lines>
                <line number="177" hits="29" branch="false"/>
                <line number="178" hits="29" branch="false"/>
                <line number="179" hits="29" branch="false"/>
                <line number="180" hits="29" branch="false"/>
                <line number="181" hits="29" branch="false"/>
                <line number="182" hits="29" branch="false"/>
              </lines>
            </method>
            <method name="inform_glue_verbose" signature="" line-rate="0" branch-rate="0" complexity="0">
              <lines>
                <line number="197" hits="0" branch="false"/>
              </lines>
            </method>
          </methods>
          <lines>
            <line number="177" hits="29" branch="false"/>
            <line number="178" hits="29" branch="false"/>
            <line number="179" hits="29" branch="false"/>
            <line number="180" hits="29" branch="false"/>
            <line number="181" hits="29" branch="false"/>
            <line number="182" hits="29" branch="false"/>
            <line number="197" hits="0" branch="false"/>
          </lines>
        </class>
        <class name="zzz.R" filename="R/zzz.R" line-rate="0.75" branch-rate="0" complexity="0">
          <methods>
            <method name=".onLoad" signature="" line-rate="0" branch-rate="0" complexity="0">
              <lines>
                <line number="3" hits="0" branch="false"/>
              </lines>
            </method>
            <method name=".onAttach" signature="" line-rate="1" branch-rate="0" complexity="0">
              <lines>
                <line number="7" hits="2" branch="false"/>
                <line number="8" hits="2" branch="false"/>
                <line number="9" hits="2" branch="false"/>
              </lines>
            </method>
          </methods>
          <lines>
            <line number="3" hits="0" branch="false"/>
            <line number="7" hits="2" branch="false"/>
            <line number="8" hits="2" branch="false"/>
            <line number="9" hits="2" branch="false"/>
          </lines>
        </class>
      </classes>
    </package>
  </packages>
</coverage>
